<?xml version="1.0" encoding="UTF-8"?>
<testng-results skipped="0" failed="0" ignored="0" total="1" passed="1">
  <reporter-output>
  </reporter-output>
  <suite name="Default suite" duration-ms="18533" started-at="2018-06-04T13:51:45Z" finished-at="2018-06-04T13:52:03Z">
    <groups>
    </groups>
    <test name="Default test" duration-ms="18533" started-at="2018-06-04T13:51:45Z" finished-at="2018-06-04T13:52:03Z">
      <class name="scripts.LoginTestClass">
        <test-method status="PASS" signature="openapp()[pri:0, instance:scripts.LoginTestClass@86be70a]" name="openapp" is-config="true" duration-ms="11793" started-at="2018-06-04T13:51:45Z" finished-at="2018-06-04T13:51:57Z">
          <reporter-output>
          </reporter-output>
        </test-method> <!-- openapp -->
        <test-method status="PASS" signature="login()[pri:0, instance:scripts.LoginTestClass@86be70a]" name="login" duration-ms="4840" started-at="2018-06-04T13:51:57Z" finished-at="2018-06-04T13:52:02Z">
          <reporter-output>
          </reporter-output>
        </test-method> <!-- login -->
        <test-method status="PASS" signature="closeapp()[pri:0, instance:scripts.LoginTestClass@86be70a]" name="closeapp" is-config="true" duration-ms="1878" started-at="2018-06-04T13:52:02Z" finished-at="2018-06-04T13:52:03Z">
          <reporter-output>
          </reporter-output>
        </test-method> <!-- closeapp -->
      </class> <!-- scripts.LoginTestClass -->
    </test> <!-- Default test -->
  </suite> <!-- Default suite -->
</testng-results>
